f:\ucl展示\ucl_interface\debug\ucl_interface.pch
f:\ucl展示\ucl_interface\debug\vc120.pdb
f:\ucl展示\ucl_interface\debug\vc120.idb
f:\ucl展示\ucl_interface\debug\stdafx.obj
f:\ucl展示\ucl_interface\debug\cdpsdlg.obj
f:\ucl展示\ucl_interface\debug\cgpsdlg.obj
f:\ucl展示\ucl_interface\debug\element.obj
f:\ucl展示\ucl_interface\debug\global.obj
f:\ucl展示\ucl_interface\debug\head.obj
f:\ucl展示\ucl_interface\debug\totalheaddlg.obj
f:\ucl展示\ucl_interface\debug\ucl.obj
f:\ucl展示\ucl_interface\debug\ucl_interface.obj
f:\ucl展示\ucl_interface\debug\ucl_interfacedlg.obj
f:\ucl展示\ucl_interface\debug\ycodec.obj
f:\ucl展示\ucl_interface\debug\ucl_interface.ilk
f:\ucl展示\ucl_interface\debug\ucl_interface.exe
f:\ucl展示\ucl_interface\debug\ucl_interface.pdb
f:\ucl展示\ucl_interface\debug\ucl_interface.res
f:\ucl展示\ucl_interface\debug\ucl_interface.tlog\cl.command.1.tlog
f:\ucl展示\ucl_interface\debug\ucl_interface.tlog\cl.read.1.tlog
f:\ucl展示\ucl_interface\debug\ucl_interface.tlog\cl.write.1.tlog
f:\ucl展示\ucl_interface\debug\ucl_interface.tlog\link.command.1.tlog
f:\ucl展示\ucl_interface\debug\ucl_interface.tlog\link.read.1.tlog
f:\ucl展示\ucl_interface\debug\ucl_interface.tlog\link.write.1.tlog
f:\ucl展示\ucl_interface\debug\ucl_interface.tlog\rc.command.1.tlog
f:\ucl展示\ucl_interface\debug\ucl_interface.tlog\rc.read.1.tlog
f:\ucl展示\ucl_interface\debug\ucl_interface.tlog\rc.write.1.tlog
