Build started 2017/7/1 17:36:02.
     1>Project "F:\ucl展示\UCL_Interface\UCL_Interface.vcxproj" on node 2 (Build target(s)).
     1>ClCompile:
         D:\visual studio 2013\VC\bin\CL.exe /c /ZI /nologo /W3 /WX- /sdl /Od /Oy- /D WIN32 /D _WINDOWS /D _DEBUG /D _UNICODE /D UNICODE /D _AFXDLL /Gm /EHsc /RTC1 /MDd /GS /fp:precise /Zc:wchar_t /Zc:forScope /Yu"stdafx.h" /Fp"Debug\UCL_Interface.pch" /Fo"Debug\\" /Fd"Debug\vc120.pdb" /Gd /TP /analyze- /errorReport:prompt /D _CRT_SECURE_NO_WARNINGS CGPSDlg.cpp UCL_InterfaceDlg.cpp
         UCL_InterfaceDlg.cpp
         CGPSDlg.cpp
         Generating Code...
       Link:
         D:\visual studio 2013\VC\bin\link.exe /ERRORREPORT:PROMPT /OUT:"F:\ucl展示\UCL_Interface\Debug\UCL_Interface.exe" /INCREMENTAL /NOLOGO /MANIFEST /MANIFESTUAC:"level='asInvoker' uiAccess='false'" /manifest:embed /manifestinput:"D:\visual studio 2013\VC\Include\Manifest\dpiaware.manifest" /DEBUG /PDB:"F:\ucl展示\UCL_Interface\Debug\UCL_Interface.pdb" /SUBSYSTEM:WINDOWS /TLBID:1 /ENTRY:"wWinMainCRTStartup" /DYNAMICBASE /NXCOMPAT /IMPLIB:"F:\ucl展示\UCL_Interface\Debug\UCL_Interface.lib" /MACHINE:X86 Debug\UCL_Interface.res
         Debug\CDPSDlg.obj
         Debug\CGPSDlg.obj
         Debug\Element.obj
         Debug\ElementInfo.obj
         Debug\global.obj
         Debug\Head.obj
         Debug\stdafx.obj
         Debug\TotalHeadDlg.obj
         Debug\UCL.obj
         Debug\UCL_Interface.obj
         Debug\UCL_InterfaceDlg.obj
         Debug\YCodec.obj
         UCL_Interface.vcxproj -> F:\ucl展示\UCL_Interface\Debug\UCL_Interface.exe
     1>Done Building Project "F:\ucl展示\UCL_Interface\UCL_Interface.vcxproj" (Build target(s)).

Build succeeded.

Time Elapsed 00:00:01.52
